<?xml version="1.0" encoding="UTF-8"?>
<!-- Generated by org.testng.reporters.JUnitReportReporter -->
<testsuite skipped="0" hostname="PC-21930" name="com.crm.qa.testcases.LoginPageTest" tests="1" failures="0" timestamp="2020-12-15T14:35:22 WEST" time="11.587" errors="0">
  <testcase name="loginTest" time="11.587" classname="com.crm.qa.testcases.LoginPageTest"/>
  <system-out/>
</testsuite> <!-- com.crm.qa.testcases.LoginPageTest -->
